2012-07-10 20:38:41 Error: [MissingControllerException] Controller class UserController could not be found.
#0 C:\Users\emokuma\www\cake\competence\webroot\index.php(97): Dispatcher->dispatch(Object(CakeRequest), Object(CakeResponse))
#1 {main}
2012-07-11 08:16:45 Error: [PDOException] SQLSTATE[42S22]: Column not found: 1054 Unknown column 'UsersCertification.user_id' in 'on clause'
#0 C:\Users\emokuma\www\cake\lib\Cake\Model\Datasource\DboSource.php(461): PDOStatement->execute(Array)
#1 C:\Users\emokuma\www\cake\lib\Cake\Model\Datasource\DboSource.php(427): DboSource->_execute('SELECT `Certifi...', Array)
#2 C:\Users\emokuma\www\cake\lib\Cake\Model\Datasource\DboSource.php(671): DboSource->execute('SELECT `Certifi...', Array, Array)
#3 C:\Users\emokuma\www\cake\lib\Cake\Model\Datasource\DboSource.php(1254): DboSource->fetchAll('SELECT `Certifi...', false)
#4 C:\Users\emokuma\www\cake\lib\Cake\Model\Datasource\DboSource.php(1117): DboSource->queryAssociation(Object(User), Object(Certification), 'hasAndBelongsTo...', 'Certification', Array, Array, true, Array, 0, Array)
#5 C:\Users\emokuma\www\cake\lib\Cake\Model\Model.php(2631): DboSource->read(Object(User), Array)
#6 C:\Users\emokuma\www\cake\lib\Cake\Model\Model.php(1516): Model->find('first', Array)
#7 C:\Users\emokuma\www\cake\competence\Controller\UsersController.php(32): Model->read(NULL, '1')
#8 [internal function]: UsersController->view('1')
#9 C:\Users\emokuma\www\cake\lib\Cake\Controller\Controller.php(485): ReflectionMethod->invokeArgs(Object(UsersController), Array)
#10 C:\Users\emokuma\www\cake\lib\Cake\Routing\Dispatcher.php(186): Controller->invokeAction(Object(CakeRequest))
#11 C:\Users\emokuma\www\cake\lib\Cake\Routing\Dispatcher.php(161): Dispatcher->_invoke(Object(UsersController), Object(CakeRequest), Object(CakeResponse))
#12 C:\Users\emokuma\www\cake\competence\webroot\index.php(97): Dispatcher->dispatch(Object(CakeRequest), Object(CakeResponse))
#13 {main}
2012-07-11 08:24:33 Error: [PDOException] SQLSTATE[42S22]: Column not found: 1054 Unknown column 'UsersSkill.user_id' in 'field list'
#0 C:\Users\emokuma\www\cake\lib\Cake\Model\Datasource\DboSource.php(461): PDOStatement->execute(Array)
#1 C:\Users\emokuma\www\cake\lib\Cake\Model\Datasource\DboSource.php(427): DboSource->_execute('SELECT `UsersSk...', Array)
#2 C:\Users\emokuma\www\cake\lib\Cake\Model\Datasource\DboSource.php(671): DboSource->execute('SELECT `UsersSk...', Array, Array)
#3 C:\Users\emokuma\www\cake\lib\Cake\Model\Datasource\DboSource.php(1082): DboSource->fetchAll('SELECT `UsersSk...', false)
#4 C:\Users\emokuma\www\cake\lib\Cake\Model\Model.php(2631): DboSource->read(Object(AppModel), Array)
#5 C:\Users\emokuma\www\cake\lib\Cake\Model\Model.php(1847): Model->find('all', Array)
#6 C:\Users\emokuma\www\cake\lib\Cake\Model\Model.php(1743): Model->_saveMulti(Array, '1', Object(Mysql))
#7 C:\Users\emokuma\www\cake\competence\Controller\SkillsController.php(43): Model->save(Array)
#8 [internal function]: SkillsController->add()
#9 C:\Users\emokuma\www\cake\lib\Cake\Controller\Controller.php(485): ReflectionMethod->invokeArgs(Object(SkillsController), Array)
#10 C:\Users\emokuma\www\cake\lib\Cake\Routing\Dispatcher.php(186): Controller->invokeAction(Object(CakeRequest))
#11 C:\Users\emokuma\www\cake\lib\Cake\Routing\Dispatcher.php(161): Dispatcher->_invoke(Object(SkillsController), Object(CakeRequest), Object(CakeResponse))
#12 C:\Users\emokuma\www\cake\competence\webroot\index.php(97): Dispatcher->dispatch(Object(CakeRequest), Object(CakeResponse))
#13 {main}
2012-07-11 08:25:01 Error: [PDOException] SQLSTATE[42S22]: Column not found: 1054 Unknown column 'UsersEducation.user_id' in 'field list'
#0 C:\Users\emokuma\www\cake\lib\Cake\Model\Datasource\DboSource.php(461): PDOStatement->execute(Array)
#1 C:\Users\emokuma\www\cake\lib\Cake\Model\Datasource\DboSource.php(427): DboSource->_execute('SELECT `UsersEd...', Array)
#2 C:\Users\emokuma\www\cake\lib\Cake\Model\Datasource\DboSource.php(671): DboSource->execute('SELECT `UsersEd...', Array, Array)
#3 C:\Users\emokuma\www\cake\lib\Cake\Model\Datasource\DboSource.php(1082): DboSource->fetchAll('SELECT `UsersEd...', false)
#4 C:\Users\emokuma\www\cake\lib\Cake\Model\Model.php(2631): DboSource->read(Object(AppModel), Array)
#5 C:\Users\emokuma\www\cake\lib\Cake\Model\Model.php(1847): Model->find('all', Array)
#6 C:\Users\emokuma\www\cake\lib\Cake\Model\Model.php(1743): Model->_saveMulti(Array, '1', Object(Mysql))
#7 C:\Users\emokuma\www\cake\competence\Controller\EducationsController.php(43): Model->save(Array)
#8 [internal function]: EducationsController->add()
#9 C:\Users\emokuma\www\cake\lib\Cake\Controller\Controller.php(485): ReflectionMethod->invokeArgs(Object(EducationsController), Array)
#10 C:\Users\emokuma\www\cake\lib\Cake\Routing\Dispatcher.php(186): Controller->invokeAction(Object(CakeRequest))
#11 C:\Users\emokuma\www\cake\lib\Cake\Routing\Dispatcher.php(161): Dispatcher->_invoke(Object(EducationsController), Object(CakeRequest), Object(CakeResponse))
#12 C:\Users\emokuma\www\cake\competence\webroot\index.php(97): Dispatcher->dispatch(Object(CakeRequest), Object(CakeResponse))
#13 {main}
2012-07-11 08:25:18 Error: [PDOException] SQLSTATE[42S22]: Column not found: 1054 Unknown column 'UsersCertification.user_id' in 'on clause'
#0 C:\Users\emokuma\www\cake\lib\Cake\Model\Datasource\DboSource.php(461): PDOStatement->execute(Array)
#1 C:\Users\emokuma\www\cake\lib\Cake\Model\Datasource\DboSource.php(427): DboSource->_execute('SELECT `Certifi...', Array)
#2 C:\Users\emokuma\www\cake\lib\Cake\Model\Datasource\DboSource.php(671): DboSource->execute('SELECT `Certifi...', Array, Array)
#3 C:\Users\emokuma\www\cake\lib\Cake\Model\Datasource\DboSource.php(1254): DboSource->fetchAll('SELECT `Certifi...', false)
#4 C:\Users\emokuma\www\cake\lib\Cake\Model\Datasource\DboSource.php(1117): DboSource->queryAssociation(Object(User), Object(Certification), 'hasAndBelongsTo...', 'Certification', Array, Array, true, Array, 0, Array)
#5 C:\Users\emokuma\www\cake\lib\Cake\Model\Model.php(2631): DboSource->read(Object(User), Array)
#6 C:\Users\emokuma\www\cake\lib\Cake\Model\Model.php(1516): Model->find('first', Array)
#7 C:\Users\emokuma\www\cake\competence\Controller\UsersController.php(32): Model->read(NULL, '1')
#8 [internal function]: UsersController->view('1')
#9 C:\Users\emokuma\www\cake\lib\Cake\Controller\Controller.php(485): ReflectionMethod->invokeArgs(Object(UsersController), Array)
#10 C:\Users\emokuma\www\cake\lib\Cake\Routing\Dispatcher.php(186): Controller->invokeAction(Object(CakeRequest))
#11 C:\Users\emokuma\www\cake\lib\Cake\Routing\Dispatcher.php(161): Dispatcher->_invoke(Object(UsersController), Object(CakeRequest), Object(CakeResponse))
#12 C:\Users\emokuma\www\cake\competence\webroot\index.php(97): Dispatcher->dispatch(Object(CakeRequest), Object(CakeResponse))
#13 {main}
2012-07-11 08:40:46 Error: Fatal Error (4): syntax error, unexpected ',' in [C:\Users\emokuma\www\cake\competence\View\Users\add.ctp, line 10]
2012-07-11 08:40:46 Error: [FatalErrorException] syntax error, unexpected ','
#0 C:\Users\emokuma\www\cake\lib\Cake\Error\ErrorHandler.php(162): ErrorHandler::handleFatalError(4, 'syntax error, u...', 'C:\Users\emokum...', 10)
#1 [internal function]: ErrorHandler::handleError(4, 'syntax error, u...', 'C:\Users\emokum...', 10, Array)
#2 C:\Users\emokuma\www\cake\lib\Cake\Core\App.php(926): call_user_func('ErrorHandler::h...', 4, 'syntax error, u...', 'C:\Users\emokum...', 10, Array)
#3 C:\Users\emokuma\www\cake\lib\Cake\Core\App.php(899): App::_checkFatalError()
#4 [internal function]: App::shutdown()
#5 {main}
2012-07-11 08:40:59 Error: Fatal Error (4): syntax error, unexpected ')' in [C:\Users\emokuma\www\cake\competence\View\Users\add.ctp, line 16]
2012-07-11 08:40:59 Error: [FatalErrorException] syntax error, unexpected ')'
#0 C:\Users\emokuma\www\cake\lib\Cake\Error\ErrorHandler.php(162): ErrorHandler::handleFatalError(4, 'syntax error, u...', 'C:\Users\emokum...', 16)
#1 [internal function]: ErrorHandler::handleError(4, 'syntax error, u...', 'C:\Users\emokum...', 16, Array)
#2 C:\Users\emokuma\www\cake\lib\Cake\Core\App.php(926): call_user_func('ErrorHandler::h...', 4, 'syntax error, u...', 'C:\Users\emokum...', 16, Array)
#3 C:\Users\emokuma\www\cake\lib\Cake\Core\App.php(899): App::_checkFatalError()
#4 [internal function]: App::shutdown()
#5 {main}
2012-07-11 08:41:10 Error: Fatal Error (1): Call to a member function value() on a non-object in [C:\Users\emokuma\www\cake\competence\View\Users\add.ctp, line 15]
2012-07-11 08:41:11 Error: [FatalErrorException] Call to a member function value() on a non-object
#0 C:\Users\emokuma\www\cake\lib\Cake\Error\ErrorHandler.php(162): ErrorHandler::handleFatalError(1, 'Call to a membe...', 'C:\Users\emokum...', 15)
#1 [internal function]: ErrorHandler::handleError(1, 'Call to a membe...', 'C:\Users\emokum...', 15, Array)
#2 C:\Users\emokuma\www\cake\lib\Cake\Core\App.php(926): call_user_func('ErrorHandler::h...', 1, 'Call to a membe...', 'C:\Users\emokum...', 15, Array)
#3 C:\Users\emokuma\www\cake\lib\Cake\Core\App.php(899): App::_checkFatalError()
#4 [internal function]: App::shutdown()
#5 {main}
2012-07-11 08:41:28 Error: Fatal Error (1): Call to a member function value() on a non-object in [C:\Users\emokuma\www\cake\competence\View\Users\add.ctp, line 15]
2012-07-11 08:41:28 Error: [FatalErrorException] Call to a member function value() on a non-object
#0 C:\Users\emokuma\www\cake\lib\Cake\Error\ErrorHandler.php(162): ErrorHandler::handleFatalError(1, 'Call to a membe...', 'C:\Users\emokum...', 15)
#1 [internal function]: ErrorHandler::handleError(1, 'Call to a membe...', 'C:\Users\emokum...', 15, Array)
#2 C:\Users\emokuma\www\cake\lib\Cake\Core\App.php(926): call_user_func('ErrorHandler::h...', 1, 'Call to a membe...', 'C:\Users\emokum...', 15, Array)
#3 C:\Users\emokuma\www\cake\lib\Cake\Core\App.php(899): App::_checkFatalError()
#4 [internal function]: App::shutdown()
#5 {main}
2012-07-11 08:41:49 Error: Fatal Error (1): Call to a member function value() on a non-object in [C:\Users\emokuma\www\cake\competence\View\Users\add.ctp, line 15]
2012-07-11 08:41:49 Error: [FatalErrorException] Call to a member function value() on a non-object
#0 C:\Users\emokuma\www\cake\lib\Cake\Error\ErrorHandler.php(162): ErrorHandler::handleFatalError(1, 'Call to a membe...', 'C:\Users\emokum...', 15)
#1 [internal function]: ErrorHandler::handleError(1, 'Call to a membe...', 'C:\Users\emokum...', 15, Array)
#2 C:\Users\emokuma\www\cake\lib\Cake\Core\App.php(926): call_user_func('ErrorHandler::h...', 1, 'Call to a membe...', 'C:\Users\emokum...', 15, Array)
#3 C:\Users\emokuma\www\cake\lib\Cake\Core\App.php(899): App::_checkFatalError()
#4 [internal function]: App::shutdown()
#5 {main}
2012-07-11 08:42:08 Error: Fatal Error (1): Call to a member function value() on a non-object in [C:\Users\emokuma\www\cake\competence\View\Users\add.ctp, line 15]
2012-07-11 08:42:08 Error: [FatalErrorException] Call to a member function value() on a non-object
#0 C:\Users\emokuma\www\cake\lib\Cake\Error\ErrorHandler.php(162): ErrorHandler::handleFatalError(1, 'Call to a membe...', 'C:\Users\emokum...', 15)
#1 [internal function]: ErrorHandler::handleError(1, 'Call to a membe...', 'C:\Users\emokum...', 15, Array)
#2 C:\Users\emokuma\www\cake\lib\Cake\Core\App.php(926): call_user_func('ErrorHandler::h...', 1, 'Call to a membe...', 'C:\Users\emokum...', 15, Array)
#3 C:\Users\emokuma\www\cake\lib\Cake\Core\App.php(899): App::_checkFatalError()
#4 [internal function]: App::shutdown()
#5 {main}
2012-07-11 08:47:50 Error: [PDOException] SQLSTATE[42S22]: Column not found: 1054 Unknown column 'UsersCertification.user_id' in 'on clause'
#0 C:\Users\emokuma\www\cake\lib\Cake\Model\Datasource\DboSource.php(461): PDOStatement->execute(Array)
#1 C:\Users\emokuma\www\cake\lib\Cake\Model\Datasource\DboSource.php(427): DboSource->_execute('SELECT `Certifi...', Array)
#2 C:\Users\emokuma\www\cake\lib\Cake\Model\Datasource\DboSource.php(671): DboSource->execute('SELECT `Certifi...', Array, Array)
#3 C:\Users\emokuma\www\cake\lib\Cake\Model\Datasource\DboSource.php(1254): DboSource->fetchAll('SELECT `Certifi...', false)
#4 C:\Users\emokuma\www\cake\lib\Cake\Model\Datasource\DboSource.php(1117): DboSource->queryAssociation(Object(User), Object(Certification), 'hasAndBelongsTo...', 'Certification', Array, Array, true, Array, 0, Array)
#5 C:\Users\emokuma\www\cake\lib\Cake\Model\Model.php(2631): DboSource->read(Object(User), Array)
#6 C:\Users\emokuma\www\cake\lib\Cake\Model\Model.php(1516): Model->find('first', Array)
#7 C:\Users\emokuma\www\cake\competence\Controller\UsersController.php(78): Model->read(NULL, '1')
#8 [internal function]: UsersController->edit('1')
#9 C:\Users\emokuma\www\cake\lib\Cake\Controller\Controller.php(485): ReflectionMethod->invokeArgs(Object(UsersController), Array)
#10 C:\Users\emokuma\www\cake\lib\Cake\Routing\Dispatcher.php(186): Controller->invokeAction(Object(CakeRequest))
#11 C:\Users\emokuma\www\cake\lib\Cake\Routing\Dispatcher.php(161): Dispatcher->_invoke(Object(UsersController), Object(CakeRequest), Object(CakeResponse))
#12 C:\Users\emokuma\www\cake\competence\webroot\index.php(97): Dispatcher->dispatch(Object(CakeRequest), Object(CakeResponse))
#13 {main}
2012-07-11 08:48:02 Error: [PDOException] SQLSTATE[42S22]: Column not found: 1054 Unknown column 'UsersCertification.user_id' in 'where clause'
#0 C:\Users\emokuma\www\cake\lib\Cake\Model\Datasource\DboSource.php(461): PDOStatement->execute(Array)
#1 C:\Users\emokuma\www\cake\lib\Cake\Model\Datasource\DboSource.php(427): DboSource->_execute('SELECT `UsersCe...', Array)
#2 C:\Users\emokuma\www\cake\lib\Cake\Model\Datasource\DboSource.php(671): DboSource->execute('SELECT `UsersCe...', Array, Array)
#3 C:\Users\emokuma\www\cake\lib\Cake\Model\Datasource\DboSource.php(1082): DboSource->fetchAll('SELECT `UsersCe...', false)
#4 C:\Users\emokuma\www\cake\lib\Cake\Model\Model.php(2631): DboSource->read(Object(AppModel), Array)
#5 C:\Users\emokuma\www\cake\lib\Cake\Model\Model.php(2460): Model->find('all', Array)
#6 C:\Users\emokuma\www\cake\lib\Cake\Model\Model.php(2362): Model->_deleteLinks('1')
#7 C:\Users\emokuma\www\cake\competence\Controller\UsersController.php(104): Model->delete()
#8 [internal function]: UsersController->delete('1')
#9 C:\Users\emokuma\www\cake\lib\Cake\Controller\Controller.php(485): ReflectionMethod->invokeArgs(Object(UsersController), Array)
#10 C:\Users\emokuma\www\cake\lib\Cake\Routing\Dispatcher.php(186): Controller->invokeAction(Object(CakeRequest))
#11 C:\Users\emokuma\www\cake\lib\Cake\Routing\Dispatcher.php(161): Dispatcher->_invoke(Object(UsersController), Object(CakeRequest), Object(CakeResponse))
#12 C:\Users\emokuma\www\cake\competence\webroot\index.php(97): Dispatcher->dispatch(Object(CakeRequest), Object(CakeResponse))
#13 {main}
2012-07-11 08:48:29 Error: [PDOException] SQLSTATE[42S22]: Column not found: 1054 Unknown column 'UsersVendor.user_id' in 'field list'
#0 C:\Users\emokuma\www\cake\lib\Cake\Model\Datasource\DboSource.php(461): PDOStatement->execute(Array)
#1 C:\Users\emokuma\www\cake\lib\Cake\Model\Datasource\DboSource.php(427): DboSource->_execute('SELECT `UsersVe...', Array)
#2 C:\Users\emokuma\www\cake\lib\Cake\Model\Datasource\DboSource.php(671): DboSource->execute('SELECT `UsersVe...', Array, Array)
#3 C:\Users\emokuma\www\cake\lib\Cake\Model\Datasource\DboSource.php(1082): DboSource->fetchAll('SELECT `UsersVe...', false)
#4 C:\Users\emokuma\www\cake\lib\Cake\Model\Model.php(2631): DboSource->read(Object(AppModel), Array)
#5 C:\Users\emokuma\www\cake\lib\Cake\Model\Model.php(1847): Model->find('all', Array)
#6 C:\Users\emokuma\www\cake\lib\Cake\Model\Model.php(1743): Model->_saveMulti(Array, '1', Object(Mysql))
#7 C:\Users\emokuma\www\cake\competence\Controller\VendorsController.php(43): Model->save(Array)
#8 [internal function]: VendorsController->add()
#9 C:\Users\emokuma\www\cake\lib\Cake\Controller\Controller.php(485): ReflectionMethod->invokeArgs(Object(VendorsController), Array)
#10 C:\Users\emokuma\www\cake\lib\Cake\Routing\Dispatcher.php(186): Controller->invokeAction(Object(CakeRequest))
#11 C:\Users\emokuma\www\cake\lib\Cake\Routing\Dispatcher.php(161): Dispatcher->_invoke(Object(VendorsController), Object(CakeRequest), Object(CakeResponse))
#12 C:\Users\emokuma\www\cake\competence\webroot\index.php(97): Dispatcher->dispatch(Object(CakeRequest), Object(CakeResponse))
#13 {main}
2012-07-11 08:59:28 Error: [PDOException] SQLSTATE[42S22]: Column not found: 1054 Unknown column 'UsersVendor.user_id' in 'field list'
#0 C:\Users\emokuma\www\cake\lib\Cake\Model\Datasource\DboSource.php(461): PDOStatement->execute(Array)
#1 C:\Users\emokuma\www\cake\lib\Cake\Model\Datasource\DboSource.php(427): DboSource->_execute('SELECT `UsersVe...', Array)
#2 C:\Users\emokuma\www\cake\lib\Cake\Model\Datasource\DboSource.php(671): DboSource->execute('SELECT `UsersVe...', Array, Array)
#3 C:\Users\emokuma\www\cake\lib\Cake\Model\Datasource\DboSource.php(1082): DboSource->fetchAll('SELECT `UsersVe...', false)
#4 C:\Users\emokuma\www\cake\lib\Cake\Model\Model.php(2631): DboSource->read(Object(AppModel), Array)
#5 C:\Users\emokuma\www\cake\lib\Cake\Model\Model.php(1847): Model->find('all', Array)
#6 C:\Users\emokuma\www\cake\lib\Cake\Model\Model.php(1743): Model->_saveMulti(Array, '2', Object(Mysql))
#7 C:\Users\emokuma\www\cake\competence\Controller\VendorsController.php(43): Model->save(Array)
#8 [internal function]: VendorsController->add()
#9 C:\Users\emokuma\www\cake\lib\Cake\Controller\Controller.php(485): ReflectionMethod->invokeArgs(Object(VendorsController), Array)
#10 C:\Users\emokuma\www\cake\lib\Cake\Routing\Dispatcher.php(186): Controller->invokeAction(Object(CakeRequest))
#11 C:\Users\emokuma\www\cake\lib\Cake\Routing\Dispatcher.php(161): Dispatcher->_invoke(Object(VendorsController), Object(CakeRequest), Object(CakeResponse))
#12 C:\Users\emokuma\www\cake\competence\webroot\index.php(97): Dispatcher->dispatch(Object(CakeRequest), Object(CakeResponse))
#13 {main}
2012-07-11 08:59:34 Error: [PDOException] SQLSTATE[42S22]: Column not found: 1054 Unknown column 'UsersVendor.vendor_id' in 'on clause'
#0 C:\Users\emokuma\www\cake\lib\Cake\Model\Datasource\DboSource.php(461): PDOStatement->execute(Array)
#1 C:\Users\emokuma\www\cake\lib\Cake\Model\Datasource\DboSource.php(427): DboSource->_execute('SELECT `User`.`...', Array)
#2 C:\Users\emokuma\www\cake\lib\Cake\Model\Datasource\DboSource.php(671): DboSource->execute('SELECT `User`.`...', Array, Array)
#3 C:\Users\emokuma\www\cake\lib\Cake\Model\Datasource\DboSource.php(1254): DboSource->fetchAll('SELECT `User`.`...', false)
#4 C:\Users\emokuma\www\cake\lib\Cake\Model\Datasource\DboSource.php(1117): DboSource->queryAssociation(Object(Vendor), Object(User), 'hasAndBelongsTo...', 'User', Array, Array, true, Array, 0, Array)
#5 C:\Users\emokuma\www\cake\lib\Cake\Model\Model.php(2631): DboSource->read(Object(Vendor), Array)
#6 C:\Users\emokuma\www\cake\lib\Cake\Model\Model.php(1516): Model->find('first', Array)
#7 C:\Users\emokuma\www\cake\competence\Controller\VendorsController.php(74): Model->read(NULL, '2')
#8 [internal function]: VendorsController->edit('2')
#9 C:\Users\emokuma\www\cake\lib\Cake\Controller\Controller.php(485): ReflectionMethod->invokeArgs(Object(VendorsController), Array)
#10 C:\Users\emokuma\www\cake\lib\Cake\Routing\Dispatcher.php(186): Controller->invokeAction(Object(CakeRequest))
#11 C:\Users\emokuma\www\cake\lib\Cake\Routing\Dispatcher.php(161): Dispatcher->_invoke(Object(VendorsController), Object(CakeRequest), Object(CakeResponse))
#12 C:\Users\emokuma\www\cake\competence\webroot\index.php(97): Dispatcher->dispatch(Object(CakeRequest), Object(CakeResponse))
#13 {main}
2012-07-11 08:59:43 Error: [PDOException] SQLSTATE[42S22]: Column not found: 1054 Unknown column 'UsersCertification.user_id' in 'on clause'
#0 C:\Users\emokuma\www\cake\lib\Cake\Model\Datasource\DboSource.php(461): PDOStatement->execute(Array)
#1 C:\Users\emokuma\www\cake\lib\Cake\Model\Datasource\DboSource.php(427): DboSource->_execute('SELECT `Certifi...', Array)
#2 C:\Users\emokuma\www\cake\lib\Cake\Model\Datasource\DboSource.php(671): DboSource->execute('SELECT `Certifi...', Array, Array)
#3 C:\Users\emokuma\www\cake\lib\Cake\Model\Datasource\DboSource.php(1254): DboSource->fetchAll('SELECT `Certifi...', false)
#4 C:\Users\emokuma\www\cake\lib\Cake\Model\Datasource\DboSource.php(1117): DboSource->queryAssociation(Object(User), Object(Certification), 'hasAndBelongsTo...', 'Certification', Array, Array, true, Array, 0, Array)
#5 C:\Users\emokuma\www\cake\lib\Cake\Model\Model.php(2631): DboSource->read(Object(User), Array)
#6 C:\Users\emokuma\www\cake\lib\Cake\Model\Model.php(1516): Model->find('first', Array)
#7 C:\Users\emokuma\www\cake\competence\Controller\UsersController.php(32): Model->read(NULL, '1')
#8 [internal function]: UsersController->view('1')
#9 C:\Users\emokuma\www\cake\lib\Cake\Controller\Controller.php(485): ReflectionMethod->invokeArgs(Object(UsersController), Array)
#10 C:\Users\emokuma\www\cake\lib\Cake\Routing\Dispatcher.php(186): Controller->invokeAction(Object(CakeRequest))
#11 C:\Users\emokuma\www\cake\lib\Cake\Routing\Dispatcher.php(161): Dispatcher->_invoke(Object(UsersController), Object(CakeRequest), Object(CakeResponse))
#12 C:\Users\emokuma\www\cake\competence\webroot\index.php(97): Dispatcher->dispatch(Object(CakeRequest), Object(CakeResponse))
#13 {main}
2012-07-11 11:48:53 Error: [PDOException] SQLSTATE[42S22]: Column not found: 1054 Unknown column 'UsersCertification.certification_id' in 'field list'
#0 C:\Users\emokuma\www\cake\lib\Cake\Model\Datasource\DboSource.php(461): PDOStatement->execute(Array)
#1 C:\Users\emokuma\www\cake\lib\Cake\Model\Datasource\DboSource.php(427): DboSource->_execute('SELECT `UsersCe...', Array)
#2 C:\Users\emokuma\www\cake\lib\Cake\Model\Datasource\DboSource.php(671): DboSource->execute('SELECT `UsersCe...', Array, Array)
#3 C:\Users\emokuma\www\cake\lib\Cake\Model\Datasource\DboSource.php(1082): DboSource->fetchAll('SELECT `UsersCe...', false)
#4 C:\Users\emokuma\www\cake\lib\Cake\Model\Model.php(2631): DboSource->read(Object(AppModel), Array)
#5 C:\Users\emokuma\www\cake\lib\Cake\Model\Model.php(1847): Model->find('all', Array)
#6 C:\Users\emokuma\www\cake\lib\Cake\Model\Model.php(1743): Model->_saveMulti(Array, '2', Object(Mysql))
#7 C:\Users\emokuma\www\cake\competence\Controller\UsersController.php(43): Model->save(Array)
#8 [internal function]: UsersController->add()
#9 C:\Users\emokuma\www\cake\lib\Cake\Controller\Controller.php(485): ReflectionMethod->invokeArgs(Object(UsersController), Array)
#10 C:\Users\emokuma\www\cake\lib\Cake\Routing\Dispatcher.php(186): Controller->invokeAction(Object(CakeRequest))
#11 C:\Users\emokuma\www\cake\lib\Cake\Routing\Dispatcher.php(161): Dispatcher->_invoke(Object(UsersController), Object(CakeRequest), Object(CakeResponse))
#12 C:\Users\emokuma\www\cake\competence\webroot\index.php(97): Dispatcher->dispatch(Object(CakeRequest), Object(CakeResponse))
#13 {main}
2012-07-11 11:55:48 Error: [MissingControllerException] Controller class CakeController could not be found.
#0 C:\Users\emokuma\www\cake\competence\webroot\index.php(97): Dispatcher->dispatch(Object(CakeRequest), Object(CakeResponse))
#1 {main}
2012-07-11 11:56:20 Error: [PDOException] SQLSTATE[23000]: Integrity constraint violation: 1062 Duplicate entry '0' for key 'PRIMARY'
#0 C:\Users\emokuma\www\cake\lib\Cake\Model\Datasource\DboSource.php(2919): PDOStatement->execute()
#1 C:\Users\emokuma\www\cake\lib\Cake\Model\Model.php(1884): DboSource->insertMulti(Object(AppModel), Array, Array)
#2 C:\Users\emokuma\www\cake\lib\Cake\Model\Model.php(1743): Model->_saveMulti(Array, '1', Object(Mysql))
#3 C:\Users\emokuma\www\cake\competence\Controller\UsersController.php(71): Model->save(Array)
#4 [internal function]: UsersController->edit('1')
#5 C:\Users\emokuma\www\cake\lib\Cake\Controller\Controller.php(485): ReflectionMethod->invokeArgs(Object(UsersController), Array)
#6 C:\Users\emokuma\www\cake\lib\Cake\Routing\Dispatcher.php(186): Controller->invokeAction(Object(CakeRequest))
#7 C:\Users\emokuma\www\cake\lib\Cake\Routing\Dispatcher.php(161): Dispatcher->_invoke(Object(UsersController), Object(CakeRequest), Object(CakeResponse))
#8 C:\Users\emokuma\www\cake\competence\webroot\index.php(97): Dispatcher->dispatch(Object(CakeRequest), Object(CakeResponse))
#9 {main}
2012-07-11 12:02:21 Error: [MissingControllerException] Controller class TechnologiesController could not be found.
#0 C:\Users\emokuma\www\cake\competence\webroot\index.php(97): Dispatcher->dispatch(Object(CakeRequest), Object(CakeResponse))
#1 {main}
2012-07-11 12:03:00 Error: [MissingViewException] View file "C:\Users\emokuma\www\cake\competence\View\Technologies\add.ctp" is missing.
#0 C:\Users\emokuma\www\cake\lib\Cake\View\View.php(472): View->_getViewFileName(NULL)
#1 C:\Users\emokuma\www\cake\lib\Cake\Controller\Controller.php(957): View->render(NULL, NULL)
#2 C:\Users\emokuma\www\cake\lib\Cake\Routing\Dispatcher.php(193): Controller->render()
#3 C:\Users\emokuma\www\cake\lib\Cake\Routing\Dispatcher.php(161): Dispatcher->_invoke(Object(TechnologiesController), Object(CakeRequest), Object(CakeResponse))
#4 C:\Users\emokuma\www\cake\competence\webroot\index.php(97): Dispatcher->dispatch(Object(CakeRequest), Object(CakeResponse))
#5 {main}
2012-07-11 12:15:02 Error: Fatal Error (1): Call to a member function allow() on a non-object in [C:\Users\emokuma\www\cake\competence\Controller\UsersController.php, line 13]
2012-07-11 12:15:02 Error: [FatalErrorException] Call to a member function allow() on a non-object
#0 C:\Users\emokuma\www\cake\lib\Cake\Error\ErrorHandler.php(162): ErrorHandler::handleFatalError(1, 'Call to a membe...', 'C:\Users\emokum...', 13)
#1 [internal function]: ErrorHandler::handleError(1, 'Call to a membe...', 'C:\Users\emokum...', 13, Array)
#2 C:\Users\emokuma\www\cake\lib\Cake\Core\App.php(926): call_user_func('ErrorHandler::h...', 1, 'Call to a membe...', 'C:\Users\emokum...', 13, Array)
#3 C:\Users\emokuma\www\cake\lib\Cake\Core\App.php(899): App::_checkFatalError()
#4 [internal function]: App::shutdown()
#5 {main}
2012-07-11 12:27:25 Error: Fatal Error (1): Call to a member function create() on a non-object in [C:\Users\emokuma\www\cake\competence\View\Users\register.ctp, line 2]
2012-07-11 12:27:25 Error: [FatalErrorException] Call to a member function create() on a non-object
#0 C:\Users\emokuma\www\cake\lib\Cake\Error\ErrorHandler.php(162): ErrorHandler::handleFatalError(1, 'Call to a membe...', 'C:\Users\emokum...', 2)
#1 [internal function]: ErrorHandler::handleError(1, 'Call to a membe...', 'C:\Users\emokum...', 2, Array)
#2 C:\Users\emokuma\www\cake\lib\Cake\Core\App.php(926): call_user_func('ErrorHandler::h...', 1, 'Call to a membe...', 'C:\Users\emokum...', 2, Array)
#3 C:\Users\emokuma\www\cake\lib\Cake\Core\App.php(899): App::_checkFatalError()
#4 [internal function]: App::shutdown()
#5 {main}
2012-07-11 12:27:31 Error: [MissingControllerException] Controller class UserController could not be found.
#0 C:\Users\emokuma\www\cake\competence\webroot\index.php(97): Dispatcher->dispatch(Object(CakeRequest), Object(CakeResponse))
#1 {main}
2012-07-11 12:27:58 Error: Fatal Error (1): Call to a member function create() on a non-object in [C:\Users\emokuma\www\cake\competence\View\Users\register.ctp, line 2]
2012-07-11 12:27:58 Error: [FatalErrorException] Call to a member function create() on a non-object
#0 C:\Users\emokuma\www\cake\lib\Cake\Error\ErrorHandler.php(162): ErrorHandler::handleFatalError(1, 'Call to a membe...', 'C:\Users\emokum...', 2)
#1 [internal function]: ErrorHandler::handleError(1, 'Call to a membe...', 'C:\Users\emokum...', 2, Array)
#2 C:\Users\emokuma\www\cake\lib\Cake\Core\App.php(926): call_user_func('ErrorHandler::h...', 1, 'Call to a membe...', 'C:\Users\emokum...', 2, Array)
#3 C:\Users\emokuma\www\cake\lib\Cake\Core\App.php(899): App::_checkFatalError()
#4 [internal function]: App::shutdown()
#5 {main}
2012-07-11 12:28:18 Error: Fatal Error (1): Call to a member function create() on a non-object in [C:\Users\emokuma\www\cake\competence\View\Users\register.ctp, line 2]
2012-07-11 12:28:18 Error: [FatalErrorException] Call to a member function create() on a non-object
#0 C:\Users\emokuma\www\cake\lib\Cake\Error\ErrorHandler.php(162): ErrorHandler::handleFatalError(1, 'Call to a membe...', 'C:\Users\emokum...', 2)
#1 [internal function]: ErrorHandler::handleError(1, 'Call to a membe...', 'C:\Users\emokum...', 2, Array)
#2 C:\Users\emokuma\www\cake\lib\Cake\Core\App.php(926): call_user_func('ErrorHandler::h...', 1, 'Call to a membe...', 'C:\Users\emokum...', 2, Array)
#3 C:\Users\emokuma\www\cake\lib\Cake\Core\App.php(899): App::_checkFatalError()
#4 [internal function]: App::shutdown()
#5 {main}
2012-07-11 12:36:20 Error: Fatal Error (4): syntax error, unexpected $end, expecting T_FUNCTION in [C:\Users\emokuma\www\cake\competence\Controller\UsersController.php, line 238]
2012-07-11 12:36:20 Error: [FatalErrorException] syntax error, unexpected $end, expecting T_FUNCTION
#0 C:\Users\emokuma\www\cake\lib\Cake\Error\ErrorHandler.php(162): ErrorHandler::handleFatalError(4, 'syntax error, u...', 'C:\Users\emokum...', 238)
#1 [internal function]: ErrorHandler::handleError(4, 'syntax error, u...', 'C:\Users\emokum...', 238, Array)
#2 C:\Users\emokuma\www\cake\lib\Cake\Core\App.php(926): call_user_func('ErrorHandler::h...', 4, 'syntax error, u...', 'C:\Users\emokum...', 238, Array)
#3 C:\Users\emokuma\www\cake\lib\Cake\Core\App.php(899): App::_checkFatalError()
#4 [internal function]: App::shutdown()
#5 {main}
2012-07-11 12:37:02 Error: Fatal Error (1): Call to a member function create() on a non-object in [C:\Users\emokuma\www\cake\competence\View\Users\register.ctp, line 3]
2012-07-11 12:37:02 Error: [FatalErrorException] Call to a member function create() on a non-object
#0 C:\Users\emokuma\www\cake\lib\Cake\Error\ErrorHandler.php(162): ErrorHandler::handleFatalError(1, 'Call to a membe...', 'C:\Users\emokum...', 3)
#1 [internal function]: ErrorHandler::handleError(1, 'Call to a membe...', 'C:\Users\emokum...', 3, Array)
#2 C:\Users\emokuma\www\cake\lib\Cake\Core\App.php(926): call_user_func('ErrorHandler::h...', 1, 'Call to a membe...', 'C:\Users\emokum...', 3, Array)
#3 C:\Users\emokuma\www\cake\lib\Cake\Core\App.php(899): App::_checkFatalError()
#4 [internal function]: App::shutdown()
#5 {main}
2012-07-11 12:37:24 Error: Fatal Error (1): Call to a member function input() on a non-object in [C:\Users\emokuma\www\cake\competence\View\Users\register.ctp, line 4]
2012-07-11 12:37:24 Error: [FatalErrorException] Call to a member function input() on a non-object
#0 C:\Users\emokuma\www\cake\lib\Cake\Error\ErrorHandler.php(162): ErrorHandler::handleFatalError(1, 'Call to a membe...', 'C:\Users\emokum...', 4)
#1 [internal function]: ErrorHandler::handleError(1, 'Call to a membe...', 'C:\Users\emokum...', 4, Array)
#2 C:\Users\emokuma\www\cake\lib\Cake\Core\App.php(926): call_user_func('ErrorHandler::h...', 1, 'Call to a membe...', 'C:\Users\emokum...', 4, Array)
#3 C:\Users\emokuma\www\cake\lib\Cake\Core\App.php(899): App::_checkFatalError()
#4 [internal function]: App::shutdown()
#5 {main}
2012-07-11 12:37:46 Error: Fatal Error (1): Call to a member function end() on a non-object in [C:\Users\emokuma\www\cake\competence\View\Users\register.ctp, line 7]
2012-07-11 12:37:46 Error: [FatalErrorException] Call to a member function end() on a non-object
#0 C:\Users\emokuma\www\cake\lib\Cake\Error\ErrorHandler.php(162): ErrorHandler::handleFatalError(1, 'Call to a membe...', 'C:\Users\emokum...', 7)
#1 [internal function]: ErrorHandler::handleError(1, 'Call to a membe...', 'C:\Users\emokum...', 7, Array)
#2 C:\Users\emokuma\www\cake\lib\Cake\Core\App.php(926): call_user_func('ErrorHandler::h...', 1, 'Call to a membe...', 'C:\Users\emokum...', 7, Array)
#3 C:\Users\emokuma\www\cake\lib\Cake\Core\App.php(899): App::_checkFatalError()
#4 [internal function]: App::shutdown()
#5 {main}
2012-07-11 12:37:58 Error: Fatal Error (4): syntax error, unexpected '<' in [C:\Users\emokuma\www\cake\competence\View\Users\register.ctp, line 7]
2012-07-11 12:37:58 Error: [FatalErrorException] syntax error, unexpected '<'
#0 C:\Users\emokuma\www\cake\lib\Cake\Error\ErrorHandler.php(162): ErrorHandler::handleFatalError(4, 'syntax error, u...', 'C:\Users\emokum...', 7)
#1 [internal function]: ErrorHandler::handleError(4, 'syntax error, u...', 'C:\Users\emokum...', 7, Array)
#2 C:\Users\emokuma\www\cake\lib\Cake\Core\App.php(926): call_user_func('ErrorHandler::h...', 4, 'syntax error, u...', 'C:\Users\emokum...', 7, Array)
#3 C:\Users\emokuma\www\cake\lib\Cake\Core\App.php(899): App::_checkFatalError()
#4 [internal function]: App::shutdown()
#5 {main}
2012-07-11 12:38:20 Error: Fatal Error (1): Call to a member function password() on a non-object in [C:\Users\emokuma\www\cake\competence\Controller\UsersController.php, line 101]
2012-07-11 12:38:20 Error: [FatalErrorException] Call to a member function password() on a non-object
#0 C:\Users\emokuma\www\cake\lib\Cake\Error\ErrorHandler.php(162): ErrorHandler::handleFatalError(1, 'Call to a membe...', 'C:\Users\emokum...', 101)
#1 [internal function]: ErrorHandler::handleError(1, 'Call to a membe...', 'C:\Users\emokum...', 101, Array)
#2 C:\Users\emokuma\www\cake\lib\Cake\Core\App.php(926): call_user_func('ErrorHandler::h...', 1, 'Call to a membe...', 'C:\Users\emokum...', 101, Array)
#3 C:\Users\emokuma\www\cake\lib\Cake\Core\App.php(899): App::_checkFatalError()
#4 [internal function]: App::shutdown()
#5 {main}
2012-07-11 12:40:44 Error: Fatal Error (1): Call to a member function password() on a non-object in [C:\Users\emokuma\www\cake\competence\Controller\UsersController.php, line 101]
2012-07-11 12:40:44 Error: [FatalErrorException] Call to a member function password() on a non-object
#0 C:\Users\emokuma\www\cake\lib\Cake\Error\ErrorHandler.php(162): ErrorHandler::handleFatalError(1, 'Call to a membe...', 'C:\Users\emokum...', 101)
#1 [internal function]: ErrorHandler::handleError(1, 'Call to a membe...', 'C:\Users\emokum...', 101, Array)
#2 C:\Users\emokuma\www\cake\lib\Cake\Core\App.php(926): call_user_func('ErrorHandler::h...', 1, 'Call to a membe...', 'C:\Users\emokum...', 101, Array)
#3 C:\Users\emokuma\www\cake\lib\Cake\Core\App.php(899): App::_checkFatalError()
#4 [internal function]: App::shutdown()
#5 {main}
2012-07-11 12:43:15 Error: [MissingActionException] Action UsersController::login() could not be found.
#0 C:\Users\emokuma\www\cake\lib\Cake\Routing\Dispatcher.php(186): Controller->invokeAction(Object(CakeRequest))
#1 C:\Users\emokuma\www\cake\lib\Cake\Routing\Dispatcher.php(161): Dispatcher->_invoke(Object(UsersController), Object(CakeRequest), Object(CakeResponse))
#2 C:\Users\emokuma\www\cake\competence\webroot\index.php(97): Dispatcher->dispatch(Object(CakeRequest), Object(CakeResponse))
#3 {main}
2012-07-11 12:43:56 Error: Fatal Error (1): Call to a member function setFlash() on a non-object in [C:\Users\emokuma\www\cake\competence\Controller\UsersController.php, line 161]
2012-07-11 12:43:56 Error: [FatalErrorException] Call to a member function setFlash() on a non-object
#0 C:\Users\emokuma\www\cake\lib\Cake\Error\ErrorHandler.php(162): ErrorHandler::handleFatalError(1, 'Call to a membe...', 'C:\Users\emokum...', 161)
#1 [internal function]: ErrorHandler::handleError(1, 'Call to a membe...', 'C:\Users\emokum...', 161, Array)
#2 C:\Users\emokuma\www\cake\lib\Cake\Core\App.php(926): call_user_func('ErrorHandler::h...', 1, 'Call to a membe...', 'C:\Users\emokum...', 161, Array)
#3 C:\Users\emokuma\www\cake\lib\Cake\Core\App.php(899): App::_checkFatalError()
#4 [internal function]: App::shutdown()
#5 {main}
2012-07-11 12:44:51 Error: Fatal Error (1): Call to a member function setFlash() on a non-object in [C:\Users\emokuma\www\cake\competence\Controller\UsersController.php, line 161]
2012-07-11 12:44:51 Error: [FatalErrorException] Call to a member function setFlash() on a non-object
#0 C:\Users\emokuma\www\cake\lib\Cake\Error\ErrorHandler.php(162): ErrorHandler::handleFatalError(1, 'Call to a membe...', 'C:\Users\emokum...', 161)
#1 [internal function]: ErrorHandler::handleError(1, 'Call to a membe...', 'C:\Users\emokum...', 161, Array)
#2 C:\Users\emokuma\www\cake\lib\Cake\Core\App.php(926): call_user_func('ErrorHandler::h...', 1, 'Call to a membe...', 'C:\Users\emokum...', 161, Array)
#3 C:\Users\emokuma\www\cake\lib\Cake\Core\App.php(899): App::_checkFatalError()
#4 [internal function]: App::shutdown()
#5 {main}
2012-07-11 12:45:34 Error: Fatal Error (1): Call to a member function setFlash() on a non-object in [C:\Users\emokuma\www\cake\competence\Controller\UsersController.php, line 161]
2012-07-11 12:45:34 Error: [FatalErrorException] Call to a member function setFlash() on a non-object
#0 C:\Users\emokuma\www\cake\lib\Cake\Error\ErrorHandler.php(162): ErrorHandler::handleFatalError(1, 'Call to a membe...', 'C:\Users\emokum...', 161)
#1 [internal function]: ErrorHandler::handleError(1, 'Call to a membe...', 'C:\Users\emokum...', 161, Array)
#2 C:\Users\emokuma\www\cake\lib\Cake\Core\App.php(926): call_user_func('ErrorHandler::h...', 1, 'Call to a membe...', 'C:\Users\emokum...', 161, Array)
#3 C:\Users\emokuma\www\cake\lib\Cake\Core\App.php(899): App::_checkFatalError()
#4 [internal function]: App::shutdown()
#5 {main}
2012-07-11 12:46:12 Error: Fatal Error (1): Call to a member function setFlash() on a non-object in [C:\Users\emokuma\www\cake\competence\Controller\UsersController.php, line 161]
2012-07-11 12:46:12 Error: [FatalErrorException] Call to a member function setFlash() on a non-object
#0 C:\Users\emokuma\www\cake\lib\Cake\Error\ErrorHandler.php(162): ErrorHandler::handleFatalError(1, 'Call to a membe...', 'C:\Users\emokum...', 161)
#1 [internal function]: ErrorHandler::handleError(1, 'Call to a membe...', 'C:\Users\emokum...', 161, Array)
#2 C:\Users\emokuma\www\cake\lib\Cake\Core\App.php(926): call_user_func('ErrorHandler::h...', 1, 'Call to a membe...', 'C:\Users\emokum...', 161, Array)
#3 C:\Users\emokuma\www\cake\lib\Cake\Core\App.php(899): App::_checkFatalError()
#4 [internal function]: App::shutdown()
#5 {main}
2012-07-11 12:46:51 Error: [MissingViewException] View file "C:\Users\emokuma\www\cake\competence\View\Users\login.ctp" is missing.
#0 C:\Users\emokuma\www\cake\lib\Cake\View\View.php(472): View->_getViewFileName(NULL)
#1 C:\Users\emokuma\www\cake\lib\Cake\Controller\Controller.php(957): View->render(NULL, NULL)
#2 C:\Users\emokuma\www\cake\lib\Cake\Routing\Dispatcher.php(193): Controller->render()
#3 C:\Users\emokuma\www\cake\lib\Cake\Routing\Dispatcher.php(161): Dispatcher->_invoke(Object(UsersController), Object(CakeRequest), Object(CakeResponse))
#4 C:\Users\emokuma\www\cake\competence\webroot\index.php(97): Dispatcher->dispatch(Object(CakeRequest), Object(CakeResponse))
#5 {main}
2012-07-11 12:54:18 Error: Fatal Error (1): Call to a member function create() on a non-object in [C:\Users\emokuma\www\cake\competence\View\Users\register.ctp, line 2]
2012-07-11 12:54:18 Error: [FatalErrorException] Call to a member function create() on a non-object
#0 C:\Users\emokuma\www\cake\lib\Cake\Error\ErrorHandler.php(162): ErrorHandler::handleFatalError(1, 'Call to a membe...', 'C:\Users\emokum...', 2)
#1 [internal function]: ErrorHandler::handleError(1, 'Call to a membe...', 'C:\Users\emokum...', 2, Array)
#2 C:\Users\emokuma\www\cake\lib\Cake\Core\App.php(926): call_user_func('ErrorHandler::h...', 1, 'Call to a membe...', 'C:\Users\emokum...', 2, Array)
#3 C:\Users\emokuma\www\cake\lib\Cake\Core\App.php(899): App::_checkFatalError()
#4 [internal function]: App::shutdown()
#5 {main}
2012-07-11 14:29:22 Error: Fatal Error (4): syntax error, unexpected T_CONSTANT_ENCAPSED_STRING, expecting ')' in [C:\Users\emokuma\www\cake\competence\Controller\AppController.php, line 40]
2012-07-11 14:29:22 Error: [FatalErrorException] syntax error, unexpected T_CONSTANT_ENCAPSED_STRING, expecting ')'
#0 C:\Users\emokuma\www\cake\lib\Cake\Error\ErrorHandler.php(162): ErrorHandler::handleFatalError(4, 'syntax error, u...', 'C:\Users\emokum...', 40)
#1 [internal function]: ErrorHandler::handleError(4, 'syntax error, u...', 'C:\Users\emokum...', 40, Array)
#2 C:\Users\emokuma\www\cake\lib\Cake\Core\App.php(926): call_user_func('ErrorHandler::h...', 4, 'syntax error, u...', 'C:\Users\emokum...', 40, Array)
#3 C:\Users\emokuma\www\cake\lib\Cake\Core\App.php(899): App::_checkFatalError()
#4 [internal function]: App::shutdown()
#5 {main}
2012-07-11 14:29:35 Error: Fatal Error (4): syntax error, unexpected T_CONSTANT_ENCAPSED_STRING, expecting ')' in [C:\Users\emokuma\www\cake\competence\Controller\AppController.php, line 40]
2012-07-11 14:29:35 Error: [FatalErrorException] syntax error, unexpected T_CONSTANT_ENCAPSED_STRING, expecting ')'
#0 C:\Users\emokuma\www\cake\lib\Cake\Error\ErrorHandler.php(162): ErrorHandler::handleFatalError(4, 'syntax error, u...', 'C:\Users\emokum...', 40)
#1 [internal function]: ErrorHandler::handleError(4, 'syntax error, u...', 'C:\Users\emokum...', 40, Array)
#2 C:\Users\emokuma\www\cake\lib\Cake\Core\App.php(926): call_user_func('ErrorHandler::h...', 4, 'syntax error, u...', 'C:\Users\emokum...', 40, Array)
#3 C:\Users\emokuma\www\cake\lib\Cake\Core\App.php(899): App::_checkFatalError()
#4 [internal function]: App::shutdown()
#5 {main}
2012-07-11 14:29:46 Error: Fatal Error (4): syntax error, unexpected T_CONSTANT_ENCAPSED_STRING, expecting ')' in [C:\Users\emokuma\www\cake\competence\Controller\AppController.php, line 40]
2012-07-11 14:29:46 Error: [FatalErrorException] syntax error, unexpected T_CONSTANT_ENCAPSED_STRING, expecting ')'
#0 C:\Users\emokuma\www\cake\lib\Cake\Error\ErrorHandler.php(162): ErrorHandler::handleFatalError(4, 'syntax error, u...', 'C:\Users\emokum...', 40)
#1 [internal function]: ErrorHandler::handleError(4, 'syntax error, u...', 'C:\Users\emokum...', 40, Array)
#2 C:\Users\emokuma\www\cake\lib\Cake\Core\App.php(926): call_user_func('ErrorHandler::h...', 4, 'syntax error, u...', 'C:\Users\emokum...', 40, Array)
#3 C:\Users\emokuma\www\cake\lib\Cake\Core\App.php(899): App::_checkFatalError()
#4 [internal function]: App::shutdown()
#5 {main}
2012-07-11 14:30:54 Error: [CakeException] $controller does not implement an isAuthorized() method.
#0 C:\Users\emokuma\www\cake\lib\Cake\Controller\Component\Auth\BaseAuthorize.php(72): ControllerAuthorize->controller(Object(UsersController))
#1 C:\Users\emokuma\www\cake\lib\Cake\Controller\Component\AuthComponent.php(414): BaseAuthorize->__construct(Object(ComponentCollection), Array)
#2 C:\Users\emokuma\www\cake\lib\Cake\Controller\Component\AuthComponent.php(376): AuthComponent->constructAuthorize()
#3 C:\Users\emokuma\www\cake\lib\Cake\Controller\Component\AuthComponent.php(326): AuthComponent->isAuthorized(Array)
#4 [internal function]: AuthComponent->startup(Object(UsersController))
#5 C:\Users\emokuma\www\cake\lib\Cake\Utility\ObjectCollection.php(130): call_user_func_array(Array, Array)
#6 [internal function]: ObjectCollection->trigger(Object(CakeEvent))
#7 C:\Users\emokuma\www\cake\lib\Cake\Event\CakeEventManager.php(246): call_user_func(Array, Object(CakeEvent))
#8 C:\Users\emokuma\www\cake\lib\Cake\Controller\Controller.php(671): CakeEventManager->dispatch(Object(CakeEvent))
#9 C:\Users\emokuma\www\cake\lib\Cake\Routing\Dispatcher.php(183): Controller->startupProcess()
#10 C:\Users\emokuma\www\cake\lib\Cake\Routing\Dispatcher.php(161): Dispatcher->_invoke(Object(UsersController), Object(CakeRequest), Object(CakeResponse))
#11 C:\Users\emokuma\www\cake\competence\webroot\index.php(97): Dispatcher->dispatch(Object(CakeRequest), Object(CakeResponse))
#12 {main}
2012-07-11 14:33:09 Error: Fatal Error (4): syntax error, unexpected T_STRING, expecting T_VARIABLE in [C:\Users\emokuma\www\cake\competence\Controller\AppController.php, line 46]
2012-07-11 14:33:09 Error: [FatalErrorException] syntax error, unexpected T_STRING, expecting T_VARIABLE
#0 C:\Users\emokuma\www\cake\lib\Cake\Error\ErrorHandler.php(162): ErrorHandler::handleFatalError(4, 'syntax error, u...', 'C:\Users\emokum...', 46)
#1 [internal function]: ErrorHandler::handleError(4, 'syntax error, u...', 'C:\Users\emokum...', 46, Array)
#2 C:\Users\emokuma\www\cake\lib\Cake\Core\App.php(926): call_user_func('ErrorHandler::h...', 4, 'syntax error, u...', 'C:\Users\emokum...', 46, Array)
#3 C:\Users\emokuma\www\cake\lib\Cake\Core\App.php(899): App::_checkFatalError()
#4 [internal function]: App::shutdown()
#5 {main}
2012-07-11 14:33:34 Error: [MissingControllerException] Controller class IndexController could not be found.
#0 C:\Users\emokuma\www\cake\competence\webroot\index.php(97): Dispatcher->dispatch(Object(CakeRequest), Object(CakeResponse))
#1 {main}
2012-07-11 14:33:46 Error: [MissingControllerException] Controller class IndexController could not be found.
#0 C:\Users\emokuma\www\cake\competence\webroot\index.php(97): Dispatcher->dispatch(Object(CakeRequest), Object(CakeResponse))
#1 {main}
2012-07-11 15:07:04 Error: Fatal Error (4): syntax error, unexpected T_PUBLIC in [C:\Users\emokuma\www\cake\competence\Controller\UsersController.php, line 172]
2012-07-11 15:07:04 Error: [FatalErrorException] syntax error, unexpected T_PUBLIC
#0 C:\Users\emokuma\www\cake\lib\Cake\Error\ErrorHandler.php(162): ErrorHandler::handleFatalError(4, 'syntax error, u...', 'C:\Users\emokum...', 172)
#1 [internal function]: ErrorHandler::handleError(4, 'syntax error, u...', 'C:\Users\emokum...', 172, Array)
#2 C:\Users\emokuma\www\cake\lib\Cake\Core\App.php(926): call_user_func('ErrorHandler::h...', 4, 'syntax error, u...', 'C:\Users\emokum...', 172, Array)
#3 C:\Users\emokuma\www\cake\lib\Cake\Core\App.php(899): App::_checkFatalError()
#4 [internal function]: App::shutdown()
#5 {main}
2012-07-11 15:07:33 Error: Fatal Error (4): syntax error, unexpected T_PUBLIC in [C:\Users\emokuma\www\cake\competence\Controller\UsersController.php, line 172]
2012-07-11 15:07:33 Error: [FatalErrorException] syntax error, unexpected T_PUBLIC
#0 C:\Users\emokuma\www\cake\lib\Cake\Error\ErrorHandler.php(162): ErrorHandler::handleFatalError(4, 'syntax error, u...', 'C:\Users\emokum...', 172)
#1 [internal function]: ErrorHandler::handleError(4, 'syntax error, u...', 'C:\Users\emokum...', 172, Array)
#2 C:\Users\emokuma\www\cake\lib\Cake\Core\App.php(926): call_user_func('ErrorHandler::h...', 4, 'syntax error, u...', 'C:\Users\emokum...', 172, Array)
#3 C:\Users\emokuma\www\cake\lib\Cake\Core\App.php(899): App::_checkFatalError()
#4 [internal function]: App::shutdown()
#5 {main}
2012-07-11 15:07:46 Error: Fatal Error (4): syntax error, unexpected T_PUBLIC in [C:\Users\emokuma\www\cake\competence\Controller\UsersController.php, line 178]
2012-07-11 15:07:46 Error: [FatalErrorException] syntax error, unexpected T_PUBLIC
#0 C:\Users\emokuma\www\cake\lib\Cake\Error\ErrorHandler.php(162): ErrorHandler::handleFatalError(4, 'syntax error, u...', 'C:\Users\emokum...', 178)
#1 [internal function]: ErrorHandler::handleError(4, 'syntax error, u...', 'C:\Users\emokum...', 178, Array)
#2 C:\Users\emokuma\www\cake\lib\Cake\Core\App.php(926): call_user_func('ErrorHandler::h...', 4, 'syntax error, u...', 'C:\Users\emokum...', 178, Array)
#3 C:\Users\emokuma\www\cake\lib\Cake\Core\App.php(899): App::_checkFatalError()
#4 [internal function]: App::shutdown()
#5 {main}
2012-07-11 15:27:14 Error: [PDOException] SQLSTATE[23000]: Integrity constraint violation: 1062 Duplicate entry '0' for key 'PRIMARY'
#0 C:\Users\emokuma\www\cake\lib\Cake\Model\Datasource\DboSource.php(2919): PDOStatement->execute()
#1 C:\Users\emokuma\www\cake\lib\Cake\Model\Model.php(1884): DboSource->insertMulti(Object(AppModel), Array, Array)
#2 C:\Users\emokuma\www\cake\lib\Cake\Model\Model.php(1743): Model->_saveMulti(Array, '5', Object(Mysql))
#3 C:\Users\emokuma\www\cake\competence\Controller\UsersController.php(51): Model->save(Array)
#4 [internal function]: UsersController->add()
#5 C:\Users\emokuma\www\cake\lib\Cake\Controller\Controller.php(485): ReflectionMethod->invokeArgs(Object(UsersController), Array)
#6 C:\Users\emokuma\www\cake\lib\Cake\Routing\Dispatcher.php(186): Controller->invokeAction(Object(CakeRequest))
#7 C:\Users\emokuma\www\cake\lib\Cake\Routing\Dispatcher.php(161): Dispatcher->_invoke(Object(UsersController), Object(CakeRequest), Object(CakeResponse))
#8 C:\Users\emokuma\www\cake\competence\webroot\index.php(97): Dispatcher->dispatch(Object(CakeRequest), Object(CakeResponse))
#9 {main}
2012-07-11 15:27:32 Error: [PDOException] SQLSTATE[23000]: Integrity constraint violation: 1062 Duplicate entry '0' for key 'PRIMARY'
#0 C:\Users\emokuma\www\cake\lib\Cake\Model\Datasource\DboSource.php(2919): PDOStatement->execute()
#1 C:\Users\emokuma\www\cake\lib\Cake\Model\Model.php(1884): DboSource->insertMulti(Object(AppModel), Array, Array)
#2 C:\Users\emokuma\www\cake\lib\Cake\Model\Model.php(1743): Model->_saveMulti(Array, '6', Object(Mysql))
#3 C:\Users\emokuma\www\cake\competence\Controller\UsersController.php(51): Model->save(Array)
#4 [internal function]: UsersController->add()
#5 C:\Users\emokuma\www\cake\lib\Cake\Controller\Controller.php(485): ReflectionMethod->invokeArgs(Object(UsersController), Array)
#6 C:\Users\emokuma\www\cake\lib\Cake\Routing\Dispatcher.php(186): Controller->invokeAction(Object(CakeRequest))
#7 C:\Users\emokuma\www\cake\lib\Cake\Routing\Dispatcher.php(161): Dispatcher->_invoke(Object(UsersController), Object(CakeRequest), Object(CakeResponse))
#8 C:\Users\emokuma\www\cake\competence\webroot\index.php(97): Dispatcher->dispatch(Object(CakeRequest), Object(CakeResponse))
#9 {main}
2012-07-11 15:30:19 Error: [PDOException] SQLSTATE[23000]: Integrity constraint violation: 1062 Duplicate entry '0' for key 'PRIMARY'
#0 C:\Users\emokuma\www\cake\lib\Cake\Model\Datasource\DboSource.php(2919): PDOStatement->execute()
#1 C:\Users\emokuma\www\cake\lib\Cake\Model\Model.php(1884): DboSource->insertMulti(Object(AppModel), Array, Array)
#2 C:\Users\emokuma\www\cake\lib\Cake\Model\Model.php(1743): Model->_saveMulti(Array, '1', Object(Mysql))
#3 C:\Users\emokuma\www\cake\competence\Controller\UsersController.php(51): Model->save(Array)
#4 [internal function]: UsersController->add()
#5 C:\Users\emokuma\www\cake\lib\Cake\Controller\Controller.php(485): ReflectionMethod->invokeArgs(Object(UsersController), Array)
#6 C:\Users\emokuma\www\cake\lib\Cake\Routing\Dispatcher.php(186): Controller->invokeAction(Object(CakeRequest))
#7 C:\Users\emokuma\www\cake\lib\Cake\Routing\Dispatcher.php(161): Dispatcher->_invoke(Object(UsersController), Object(CakeRequest), Object(CakeResponse))
#8 C:\Users\emokuma\www\cake\competence\webroot\index.php(97): Dispatcher->dispatch(Object(CakeRequest), Object(CakeResponse))
#9 {main}
2012-07-11 15:32:31 Error: [PDOException] SQLSTATE[23000]: Integrity constraint violation: 1062 Duplicate entry '0' for key 'PRIMARY'
#0 C:\Users\emokuma\www\cake\lib\Cake\Model\Datasource\DboSource.php(2919): PDOStatement->execute()
#1 C:\Users\emokuma\www\cake\lib\Cake\Model\Model.php(1884): DboSource->insertMulti(Object(AppModel), Array, Array)
#2 C:\Users\emokuma\www\cake\lib\Cake\Model\Model.php(1743): Model->_saveMulti(Array, '2', Object(Mysql))
#3 C:\Users\emokuma\www\cake\competence\Controller\UsersController.php(51): Model->save(Array)
#4 [internal function]: UsersController->add()
#5 C:\Users\emokuma\www\cake\lib\Cake\Controller\Controller.php(485): ReflectionMethod->invokeArgs(Object(UsersController), Array)
#6 C:\Users\emokuma\www\cake\lib\Cake\Routing\Dispatcher.php(186): Controller->invokeAction(Object(CakeRequest))
#7 C:\Users\emokuma\www\cake\lib\Cake\Routing\Dispatcher.php(161): Dispatcher->_invoke(Object(UsersController), Object(CakeRequest), Object(CakeResponse))
#8 C:\Users\emokuma\www\cake\competence\webroot\index.php(97): Dispatcher->dispatch(Object(CakeRequest), Object(CakeResponse))
#9 {main}
2012-07-11 15:35:56 Error: [PDOException] SQLSTATE[23000]: Integrity constraint violation: 1062 Duplicate entry '0' for key 'PRIMARY'
#0 C:\Users\emokuma\www\cake\lib\Cake\Model\Datasource\DboSource.php(2919): PDOStatement->execute()
#1 C:\Users\emokuma\www\cake\lib\Cake\Model\Model.php(1884): DboSource->insertMulti(Object(AppModel), Array, Array)
#2 C:\Users\emokuma\www\cake\lib\Cake\Model\Model.php(1743): Model->_saveMulti(Array, '3', Object(Mysql))
#3 C:\Users\emokuma\www\cake\competence\Controller\UsersController.php(51): Model->save(Array)
#4 [internal function]: UsersController->add()
#5 C:\Users\emokuma\www\cake\lib\Cake\Controller\Controller.php(485): ReflectionMethod->invokeArgs(Object(UsersController), Array)
#6 C:\Users\emokuma\www\cake\lib\Cake\Routing\Dispatcher.php(186): Controller->invokeAction(Object(CakeRequest))
#7 C:\Users\emokuma\www\cake\lib\Cake\Routing\Dispatcher.php(161): Dispatcher->_invoke(Object(UsersController), Object(CakeRequest), Object(CakeResponse))
#8 C:\Users\emokuma\www\cake\competence\webroot\index.php(97): Dispatcher->dispatch(Object(CakeRequest), Object(CakeResponse))
#9 {main}
2012-07-11 20:35:53 Error: Fatal Error (4): syntax error, unexpected T_ELSE in [C:\Users\emokuma\www\cake\competence\View\Layouts\default.ctp, line 45]
2012-07-11 20:35:53 Error: [FatalErrorException] syntax error, unexpected T_ELSE
#0 C:\Users\emokuma\www\cake\lib\Cake\Error\ErrorHandler.php(162): ErrorHandler::handleFatalError(4, 'syntax error, u...', 'C:\Users\emokum...', 45)
#1 [internal function]: ErrorHandler::handleError(4, 'syntax error, u...', 'C:\Users\emokum...', 45, Array)
#2 C:\Users\emokuma\www\cake\lib\Cake\Core\App.php(926): call_user_func('ErrorHandler::h...', 4, 'syntax error, u...', 'C:\Users\emokum...', 45, Array)
#3 C:\Users\emokuma\www\cake\lib\Cake\Core\App.php(899): App::_checkFatalError()
#4 [internal function]: App::shutdown()
#5 {main}
2012-07-11 20:36:19 Error: Fatal Error (4): syntax error, unexpected T_ELSE in [C:\Users\emokuma\www\cake\competence\View\Layouts\default.ctp, line 45]
2012-07-11 20:36:19 Error: [FatalErrorException] syntax error, unexpected T_ELSE
#0 C:\Users\emokuma\www\cake\lib\Cake\Error\ErrorHandler.php(162): ErrorHandler::handleFatalError(4, 'syntax error, u...', 'C:\Users\emokum...', 45)
#1 [internal function]: ErrorHandler::handleError(4, 'syntax error, u...', 'C:\Users\emokum...', 45, Array)
#2 C:\Users\emokuma\www\cake\lib\Cake\Core\App.php(926): call_user_func('ErrorHandler::h...', 4, 'syntax error, u...', 'C:\Users\emokum...', 45, Array)
#3 C:\Users\emokuma\www\cake\lib\Cake\Core\App.php(899): App::_checkFatalError()
#4 [internal function]: App::shutdown()
#5 {main}
2012-07-11 20:38:13 Error: Fatal Error (4): syntax error, unexpected '}' in [C:\Users\emokuma\www\cake\competence\View\Layouts\default.ctp, line 45]
2012-07-11 20:38:13 Error: [FatalErrorException] syntax error, unexpected '}'
#0 C:\Users\emokuma\www\cake\lib\Cake\Error\ErrorHandler.php(162): ErrorHandler::handleFatalError(4, 'syntax error, u...', 'C:\Users\emokum...', 45)
#1 [internal function]: ErrorHandler::handleError(4, 'syntax error, u...', 'C:\Users\emokum...', 45, Array)
#2 C:\Users\emokuma\www\cake\lib\Cake\Core\App.php(926): call_user_func('ErrorHandler::h...', 4, 'syntax error, u...', 'C:\Users\emokum...', 45, Array)
#3 C:\Users\emokuma\www\cake\lib\Cake\Core\App.php(899): App::_checkFatalError()
#4 [internal function]: App::shutdown()
#5 {main}
2012-07-11 20:38:35 Error: Fatal Error (4): syntax error, unexpected T_ELSE in [C:\Users\emokuma\www\cake\competence\View\Layouts\default.ctp, line 45]
2012-07-11 20:38:35 Error: [FatalErrorException] syntax error, unexpected T_ELSE
#0 C:\Users\emokuma\www\cake\lib\Cake\Error\ErrorHandler.php(162): ErrorHandler::handleFatalError(4, 'syntax error, u...', 'C:\Users\emokum...', 45)
#1 [internal function]: ErrorHandler::handleError(4, 'syntax error, u...', 'C:\Users\emokum...', 45, Array)
#2 C:\Users\emokuma\www\cake\lib\Cake\Core\App.php(926): call_user_func('ErrorHandler::h...', 4, 'syntax error, u...', 'C:\Users\emokum...', 45, Array)
#3 C:\Users\emokuma\www\cake\lib\Cake\Core\App.php(899): App::_checkFatalError()
#4 [internal function]: App::shutdown()
#5 {main}
2012-07-11 20:39:03 Error: Fatal Error (4): syntax error, unexpected T_ELSE in [C:\Users\emokuma\www\cake\competence\View\Layouts\default.ctp, line 45]
2012-07-11 20:39:03 Error: [FatalErrorException] syntax error, unexpected T_ELSE
#0 C:\Users\emokuma\www\cake\lib\Cake\Error\ErrorHandler.php(162): ErrorHandler::handleFatalError(4, 'syntax error, u...', 'C:\Users\emokum...', 45)
#1 [internal function]: ErrorHandler::handleError(4, 'syntax error, u...', 'C:\Users\emokum...', 45, Array)
#2 C:\Users\emokuma\www\cake\lib\Cake\Core\App.php(926): call_user_func('ErrorHandler::h...', 4, 'syntax error, u...', 'C:\Users\emokum...', 45, Array)
#3 C:\Users\emokuma\www\cake\lib\Cake\Core\App.php(899): App::_checkFatalError()
#4 [internal function]: App::shutdown()
#5 {main}
2012-07-11 20:39:12 Error: Fatal Error (4): syntax error, unexpected T_ELSE in [C:\Users\emokuma\www\cake\competence\View\Layouts\default.ctp, line 45]
2012-07-11 20:39:12 Error: [FatalErrorException] syntax error, unexpected T_ELSE
#0 C:\Users\emokuma\www\cake\lib\Cake\Error\ErrorHandler.php(162): ErrorHandler::handleFatalError(4, 'syntax error, u...', 'C:\Users\emokum...', 45)
#1 [internal function]: ErrorHandler::handleError(4, 'syntax error, u...', 'C:\Users\emokum...', 45, Array)
#2 C:\Users\emokuma\www\cake\lib\Cake\Core\App.php(926): call_user_func('ErrorHandler::h...', 4, 'syntax error, u...', 'C:\Users\emokum...', 45, Array)
#3 C:\Users\emokuma\www\cake\lib\Cake\Core\App.php(899): App::_checkFatalError()
#4 [internal function]: App::shutdown()
#5 {main}
2012-07-11 20:39:26 Error: Fatal Error (4): syntax error, unexpected T_ENDIF in [C:\Users\emokuma\www\cake\competence\View\Layouts\default.ctp, line 47]
2012-07-11 20:39:26 Error: [FatalErrorException] syntax error, unexpected T_ENDIF
#0 C:\Users\emokuma\www\cake\lib\Cake\Error\ErrorHandler.php(162): ErrorHandler::handleFatalError(4, 'syntax error, u...', 'C:\Users\emokum...', 47)
#1 [internal function]: ErrorHandler::handleError(4, 'syntax error, u...', 'C:\Users\emokum...', 47, Array)
#2 C:\Users\emokuma\www\cake\lib\Cake\Core\App.php(926): call_user_func('ErrorHandler::h...', 4, 'syntax error, u...', 'C:\Users\emokum...', 47, Array)
#3 C:\Users\emokuma\www\cake\lib\Cake\Core\App.php(899): App::_checkFatalError()
#4 [internal function]: App::shutdown()
#5 {main}
2012-07-11 20:41:07 Error: Fatal Error (1): Call to undefined function is_loggedin() in [C:\Users\emokuma\www\cake\competence\View\Layouts\default.ctp, line 43]
2012-07-11 20:41:07 Error: [FatalErrorException] Call to undefined function is_loggedin()
#0 C:\Users\emokuma\www\cake\lib\Cake\Error\ErrorHandler.php(162): ErrorHandler::handleFatalError(1, 'Call to undefin...', 'C:\Users\emokum...', 43)
#1 [internal function]: ErrorHandler::handleError(1, 'Call to undefin...', 'C:\Users\emokum...', 43, Array)
#2 C:\Users\emokuma\www\cake\lib\Cake\Core\App.php(926): call_user_func('ErrorHandler::h...', 1, 'Call to undefin...', 'C:\Users\emokum...', 43, Array)
#3 C:\Users\emokuma\www\cake\lib\Cake\Core\App.php(899): App::_checkFatalError()
#4 [internal function]: App::shutdown()
#5 {main}
2012-07-11 20:46:07 Error: [MissingControllerException] Controller class LogoutController could not be found.
#0 C:\Users\emokuma\www\cake\competence\webroot\index.php(97): Dispatcher->dispatch(Object(CakeRequest), Object(CakeResponse))
#1 {main}
2012-07-11 20:46:31 Error: [MissingControllerException] Controller class EditController could not be found.
#0 C:\Users\emokuma\www\cake\competence\webroot\index.php(97): Dispatcher->dispatch(Object(CakeRequest), Object(CakeResponse))
#1 {main}
2012-07-11 20:47:06 Error: [MissingControllerException] Controller class EditController could not be found.
#0 C:\Users\emokuma\www\cake\competence\webroot\index.php(97): Dispatcher->dispatch(Object(CakeRequest), Object(CakeResponse))
#1 {main}
2012-07-11 20:47:23 Error: [NotFoundException] Invalid user
#0 [internal function]: UsersController->edit()
#1 C:\Users\emokuma\www\cake\lib\Cake\Controller\Controller.php(485): ReflectionMethod->invokeArgs(Object(UsersController), Array)
#2 C:\Users\emokuma\www\cake\lib\Cake\Routing\Dispatcher.php(186): Controller->invokeAction(Object(CakeRequest))
#3 C:\Users\emokuma\www\cake\lib\Cake\Routing\Dispatcher.php(161): Dispatcher->_invoke(Object(UsersController), Object(CakeRequest), Object(CakeResponse))
#4 C:\Users\emokuma\www\cake\competence\webroot\index.php(97): Dispatcher->dispatch(Object(CakeRequest), Object(CakeResponse))
#5 {main}
2012-07-11 20:51:12 Error: [MissingControllerException] Controller class LogoutController could not be found.
#0 C:\Users\emokuma\www\cake\competence\webroot\index.php(97): Dispatcher->dispatch(Object(CakeRequest), Object(CakeResponse))
#1 {main}
2012-07-11 20:51:47 Error: [MissingControllerException] Controller class EditController could not be found.
#0 C:\Users\emokuma\www\cake\competence\webroot\index.php(97): Dispatcher->dispatch(Object(CakeRequest), Object(CakeResponse))
#1 {main}
2012-07-11 20:52:35 Error: [MissingControllerException] Controller class LogoutController could not be found.
#0 C:\Users\emokuma\www\cake\competence\webroot\index.php(97): Dispatcher->dispatch(Object(CakeRequest), Object(CakeResponse))
#1 {main}
2012-07-11 20:52:45 Error: [MissingControllerException] Controller class EditController could not be found.
#0 C:\Users\emokuma\www\cake\competence\webroot\index.php(97): Dispatcher->dispatch(Object(CakeRequest), Object(CakeResponse))
#1 {main}
2012-07-11 20:57:14 Error: [MissingControllerException] Controller class EditController could not be found.
#0 C:\Users\emokuma\www\cake\competence\webroot\index.php(97): Dispatcher->dispatch(Object(CakeRequest), Object(CakeResponse))
#1 {main}
2012-07-12 06:21:13 Error: [MissingControllerException] Controller class CssController could not be found.
#0 C:\Users\emokuma\www\cake\competence\webroot\index.php(97): Dispatcher->dispatch(Object(CakeRequest), Object(CakeResponse))
#1 {main}
2012-07-12 06:21:14 Error: [MissingControllerException] Controller class CssController could not be found.
#0 C:\Users\emokuma\www\cake\competence\webroot\index.php(97): Dispatcher->dispatch(Object(CakeRequest), Object(CakeResponse))
#1 {main}
2012-07-12 06:21:14 Error: [MissingControllerException] Controller class CssController could not be found.
#0 C:\Users\emokuma\www\cake\competence\webroot\index.php(97): Dispatcher->dispatch(Object(CakeRequest), Object(CakeResponse))
#1 {main}
2012-07-12 06:21:14 Error: [MissingControllerException] Controller class CssController could not be found.
#0 C:\Users\emokuma\www\cake\competence\webroot\index.php(97): Dispatcher->dispatch(Object(CakeRequest), Object(CakeResponse))
#1 {main}
2012-07-12 06:21:14 Error: [MissingControllerException] Controller class CssController could not be found.
#0 C:\Users\emokuma\www\cake\competence\webroot\index.php(97): Dispatcher->dispatch(Object(CakeRequest), Object(CakeResponse))
#1 {main}
2012-07-12 06:21:14 Error: [MissingControllerException] Controller class CssController could not be found.
#0 C:\Users\emokuma\www\cake\competence\webroot\index.php(97): Dispatcher->dispatch(Object(CakeRequest), Object(CakeResponse))
#1 {main}
2012-07-12 06:21:14 Error: [MissingControllerException] Controller class CssController could not be found.
#0 C:\Users\emokuma\www\cake\competence\webroot\index.php(97): Dispatcher->dispatch(Object(CakeRequest), Object(CakeResponse))
#1 {main}
2012-07-12 06:21:14 Error: [MissingControllerException] Controller class CssController could not be found.
#0 C:\Users\emokuma\www\cake\competence\webroot\index.php(97): Dispatcher->dispatch(Object(CakeRequest), Object(CakeResponse))
#1 {main}
2012-07-12 06:21:15 Error: [MissingControllerException] Controller class CssController could not be found.
#0 C:\Users\emokuma\www\cake\competence\webroot\index.php(97): Dispatcher->dispatch(Object(CakeRequest), Object(CakeResponse))
#1 {main}
2012-07-12 06:21:15 Error: [MissingControllerException] Controller class CssController could not be found.
#0 C:\Users\emokuma\www\cake\competence\webroot\index.php(97): Dispatcher->dispatch(Object(CakeRequest), Object(CakeResponse))
#1 {main}
2012-07-12 06:21:15 Error: [MissingControllerException] Controller class CssController could not be found.
#0 C:\Users\emokuma\www\cake\competence\webroot\index.php(97): Dispatcher->dispatch(Object(CakeRequest), Object(CakeResponse))
#1 {main}
2012-07-12 06:22:10 Error: [MissingControllerException] Controller class CssController could not be found.
#0 C:\Users\emokuma\www\cake\competence\webroot\index.php(97): Dispatcher->dispatch(Object(CakeRequest), Object(CakeResponse))
#1 {main}
2012-07-12 06:22:10 Error: [MissingControllerException] Controller class CssController could not be found.
#0 C:\Users\emokuma\www\cake\competence\webroot\index.php(97): Dispatcher->dispatch(Object(CakeRequest), Object(CakeResponse))
#1 {main}
2012-07-12 06:22:10 Error: [MissingControllerException] Controller class CssController could not be found.
#0 C:\Users\emokuma\www\cake\competence\webroot\index.php(97): Dispatcher->dispatch(Object(CakeRequest), Object(CakeResponse))
#1 {main}
2012-07-12 06:22:11 Error: [MissingControllerException] Controller class CssController could not be found.
#0 C:\Users\emokuma\www\cake\competence\webroot\index.php(97): Dispatcher->dispatch(Object(CakeRequest), Object(CakeResponse))
#1 {main}
2012-07-12 06:22:11 Error: [MissingControllerException] Controller class CssController could not be found.
#0 C:\Users\emokuma\www\cake\competence\webroot\index.php(97): Dispatcher->dispatch(Object(CakeRequest), Object(CakeResponse))
#1 {main}
2012-07-12 06:22:11 Error: [MissingControllerException] Controller class CssController could not be found.
#0 C:\Users\emokuma\www\cake\competence\webroot\index.php(97): Dispatcher->dispatch(Object(CakeRequest), Object(CakeResponse))
#1 {main}
2012-07-12 06:22:11 Error: [MissingControllerException] Controller class CssController could not be found.
#0 C:\Users\emokuma\www\cake\competence\webroot\index.php(97): Dispatcher->dispatch(Object(CakeRequest), Object(CakeResponse))
#1 {main}
2012-07-12 06:22:11 Error: [MissingControllerException] Controller class CssController could not be found.
#0 C:\Users\emokuma\www\cake\competence\webroot\index.php(97): Dispatcher->dispatch(Object(CakeRequest), Object(CakeResponse))
#1 {main}
2012-07-12 06:22:11 Error: [MissingControllerException] Controller class CssController could not be found.
#0 C:\Users\emokuma\www\cake\competence\webroot\index.php(97): Dispatcher->dispatch(Object(CakeRequest), Object(CakeResponse))
#1 {main}
2012-07-12 06:22:11 Error: [MissingControllerException] Controller class CssController could not be found.
#0 C:\Users\emokuma\www\cake\competence\webroot\index.php(97): Dispatcher->dispatch(Object(CakeRequest), Object(CakeResponse))
#1 {main}
2012-07-12 06:22:11 Error: [MissingControllerException] Controller class CssController could not be found.
#0 C:\Users\emokuma\www\cake\competence\webroot\index.php(97): Dispatcher->dispatch(Object(CakeRequest), Object(CakeResponse))
#1 {main}
2012-07-12 06:28:26 Error: [MissingControllerException] Controller class CssController could not be found.
#0 C:\Users\emokuma\www\cake\competence\webroot\index.php(97): Dispatcher->dispatch(Object(CakeRequest), Object(CakeResponse))
#1 {main}
2012-07-12 06:28:26 Error: [MissingControllerException] Controller class CssController could not be found.
#0 C:\Users\emokuma\www\cake\competence\webroot\index.php(97): Dispatcher->dispatch(Object(CakeRequest), Object(CakeResponse))
#1 {main}
2012-07-12 06:28:26 Error: [MissingControllerException] Controller class CssController could not be found.
#0 C:\Users\emokuma\www\cake\competence\webroot\index.php(97): Dispatcher->dispatch(Object(CakeRequest), Object(CakeResponse))
#1 {main}
2012-07-12 06:28:26 Error: [MissingControllerException] Controller class CssController could not be found.
#0 C:\Users\emokuma\www\cake\competence\webroot\index.php(97): Dispatcher->dispatch(Object(CakeRequest), Object(CakeResponse))
#1 {main}
2012-07-12 06:28:26 Error: [MissingControllerException] Controller class CssController could not be found.
#0 C:\Users\emokuma\www\cake\competence\webroot\index.php(97): Dispatcher->dispatch(Object(CakeRequest), Object(CakeResponse))
#1 {main}
2012-07-12 06:28:26 Error: [MissingControllerException] Controller class CssController could not be found.
#0 C:\Users\emokuma\www\cake\competence\webroot\index.php(97): Dispatcher->dispatch(Object(CakeRequest), Object(CakeResponse))
#1 {main}
2012-07-12 06:28:26 Error: [MissingControllerException] Controller class CssController could not be found.
#0 C:\Users\emokuma\www\cake\competence\webroot\index.php(97): Dispatcher->dispatch(Object(CakeRequest), Object(CakeResponse))
#1 {main}
2012-07-12 06:28:26 Error: [MissingControllerException] Controller class CssController could not be found.
#0 C:\Users\emokuma\www\cake\competence\webroot\index.php(97): Dispatcher->dispatch(Object(CakeRequest), Object(CakeResponse))
#1 {main}
2012-07-12 06:28:26 Error: [MissingControllerException] Controller class CssController could not be found.
#0 C:\Users\emokuma\www\cake\competence\webroot\index.php(97): Dispatcher->dispatch(Object(CakeRequest), Object(CakeResponse))
#1 {main}
2012-07-12 06:29:28 Error: [MissingControllerException] Controller class Onecolumn.htmlController could not be found.
#0 C:\Users\emokuma\www\cake\competence\webroot\index.php(97): Dispatcher->dispatch(Object(CakeRequest), Object(CakeResponse))
#1 {main}
2012-07-12 06:29:28 Error: [MissingControllerException] Controller class CssController could not be found.
#0 C:\Users\emokuma\www\cake\competence\webroot\index.php(97): Dispatcher->dispatch(Object(CakeRequest), Object(CakeResponse))
#1 {main}
2012-07-12 06:29:28 Error: [MissingControllerException] Controller class CssController could not be found.
#0 C:\Users\emokuma\www\cake\competence\webroot\index.php(97): Dispatcher->dispatch(Object(CakeRequest), Object(CakeResponse))
#1 {main}
2012-07-12 06:29:28 Error: [MissingControllerException] Controller class CssController could not be found.
#0 C:\Users\emokuma\www\cake\competence\webroot\index.php(97): Dispatcher->dispatch(Object(CakeRequest), Object(CakeResponse))
#1 {main}
2012-07-12 06:29:28 Error: [MissingControllerException] Controller class CssController could not be found.
#0 C:\Users\emokuma\www\cake\competence\webroot\index.php(97): Dispatcher->dispatch(Object(CakeRequest), Object(CakeResponse))
#1 {main}
2012-07-12 06:29:28 Error: [MissingControllerException] Controller class CssController could not be found.
#0 C:\Users\emokuma\www\cake\competence\webroot\index.php(97): Dispatcher->dispatch(Object(CakeRequest), Object(CakeResponse))
#1 {main}
2012-07-12 06:29:28 Error: [MissingControllerException] Controller class CssController could not be found.
#0 C:\Users\emokuma\www\cake\competence\webroot\index.php(97): Dispatcher->dispatch(Object(CakeRequest), Object(CakeResponse))
#1 {main}
2012-07-12 06:29:29 Error: [MissingControllerException] Controller class CssController could not be found.
#0 C:\Users\emokuma\www\cake\competence\webroot\index.php(97): Dispatcher->dispatch(Object(CakeRequest), Object(CakeResponse))
#1 {main}
2012-07-12 06:29:29 Error: [MissingControllerException] Controller class CssController could not be found.
#0 C:\Users\emokuma\www\cake\competence\webroot\index.php(97): Dispatcher->dispatch(Object(CakeRequest), Object(CakeResponse))
#1 {main}
2012-07-12 06:29:29 Error: [MissingControllerException] Controller class CssController could not be found.
#0 C:\Users\emokuma\www\cake\competence\webroot\index.php(97): Dispatcher->dispatch(Object(CakeRequest), Object(CakeResponse))
#1 {main}
2012-07-12 06:30:16 Error: [MissingControllerException] Controller class Onecolumn.htmlController could not be found.
#0 C:\Users\emokuma\www\cake\competence\webroot\index.php(97): Dispatcher->dispatch(Object(CakeRequest), Object(CakeResponse))
#1 {main}
2012-07-12 06:30:56 Error: [MissingControllerException] Controller class Onecolumn.htmlController could not be found.
#0 C:\Users\emokuma\www\cake\competence\webroot\index.php(97): Dispatcher->dispatch(Object(CakeRequest), Object(CakeResponse))
#1 {main}
2012-07-12 06:31:33 Error: [MissingControllerException] Controller class Onecolumn.htmlController could not be found.
#0 C:\Users\emokuma\www\cake\competence\webroot\index.php(97): Dispatcher->dispatch(Object(CakeRequest), Object(CakeResponse))
#1 {main}
2012-07-12 06:31:59 Error: [MissingControllerException] Controller class Onecolumn.htmlController could not be found.
#0 C:\Users\emokuma\www\cake\competence\webroot\index.php(97): Dispatcher->dispatch(Object(CakeRequest), Object(CakeResponse))
#1 {main}
2012-07-12 06:37:12 Error: [MissingControllerException] Controller class CssController could not be found.
#0 C:\Users\emokuma\www\cake\competence\webroot\index.php(97): Dispatcher->dispatch(Object(CakeRequest), Object(CakeResponse))
#1 {main}
2012-07-12 06:37:26 Error: [MissingControllerException] Controller class CssController could not be found.
#0 C:\Users\emokuma\www\cake\competence\webroot\index.php(97): Dispatcher->dispatch(Object(CakeRequest), Object(CakeResponse))
#1 {main}
2012-07-12 06:38:10 Error: [MissingControllerException] Controller class CssController could not be found.
#0 C:\Users\emokuma\www\cake\competence\webroot\index.php(97): Dispatcher->dispatch(Object(CakeRequest), Object(CakeResponse))
#1 {main}
2012-07-12 06:38:19 Error: [MissingControllerException] Controller class CssController could not be found.
#0 C:\Users\emokuma\www\cake\competence\webroot\index.php(97): Dispatcher->dispatch(Object(CakeRequest), Object(CakeResponse))
#1 {main}
2012-07-12 06:38:39 Error: [MissingControllerException] Controller class CssController could not be found.
#0 C:\Users\emokuma\www\cake\competence\webroot\index.php(97): Dispatcher->dispatch(Object(CakeRequest), Object(CakeResponse))
#1 {main}
2012-07-12 06:38:56 Error: [MissingControllerException] Controller class CssController could not be found.
#0 C:\Users\emokuma\www\cake\competence\webroot\index.php(97): Dispatcher->dispatch(Object(CakeRequest), Object(CakeResponse))
#1 {main}
2012-07-12 06:39:15 Error: [MissingControllerException] Controller class CssController could not be found.
#0 C:\Users\emokuma\www\cake\competence\webroot\index.php(97): Dispatcher->dispatch(Object(CakeRequest), Object(CakeResponse))
#1 {main}
2012-07-12 06:39:42 Error: [MissingControllerException] Controller class CssController could not be found.
#0 C:\Users\emokuma\www\cake\competence\webroot\index.php(97): Dispatcher->dispatch(Object(CakeRequest), Object(CakeResponse))
#1 {main}
2012-07-12 06:39:58 Error: [MissingControllerException] Controller class CssController could not be found.
#0 C:\Users\emokuma\www\cake\competence\webroot\index.php(97): Dispatcher->dispatch(Object(CakeRequest), Object(CakeResponse))
#1 {main}
